<?xml version="1.0" encoding="UTF-8"?>
<!-- Generated by org.testng.reporters.JUnitXMLReporter -->
<testsuite ignored="0" hostname="DESKTOP-F5P92LD" failures="0" tests="7" name="Default test" time="36.007" errors="0" timestamp="2024-09-23T18:48:54 IST">
  <testcase classname="org.testng.OrderIdPrint" name="login" time="0.58"/>
  <testcase classname="org.testng.OrderIdPrint" name="cartCheck" time="9.824"/>
  <testcase classname="org.testng.OrderIdPrint" name="addProduct" time="5.224"/>
  <testcase classname="org.testng.OrderIdPrint" name="addAddress" time="3.936"/>
  <testcase classname="org.testng.OrderIdPrint" name="payment" time="3.498"/>
  <testcase classname="org.testng.OrderIdPrint" name="newLogin" time="3.578"/>
  <testcase classname="org.testng.OrderIdPrint" name="myAccount" time="6.302"/>
</testsuite> <!-- Default test -->
