<?xml version="1.0" encoding="UTF-8"?>
<!-- Generated by org.testng.reporters.JUnitXMLReporter -->
<testsuite ignored="0" hostname="DESKTOP-F5P92LD" failures="0" tests="6" name="Default test" time="30.229" errors="0" timestamp="2024-09-23T16:54:03 IST">
  <testcase classname="org.testng.OrderIdPrint" name="login" time="0.566"/>
  <testcase classname="org.testng.OrderIdPrint" name="addProduct" time="9.402"/>
  <testcase classname="org.testng.OrderIdPrint" name="addAddress" time="2.867"/>
  <testcase classname="org.testng.OrderIdPrint" name="payment" time="3.225"/>
  <testcase classname="org.testng.OrderIdPrint" name="newLogin" time="3.661"/>
  <testcase classname="org.testng.OrderIdPrint" name="myAccount" time="7.212"/>
</testsuite> <!-- Default test -->
