<?xml version="1.0" encoding="UTF-8"?>
<!-- Generated by org.testng.reporters.JUnitXMLReporter -->
<testsuite ignored="1" hostname="DESKTOP-F5P92LD" failures="0" tests="6" name="Test" time="10.677" errors="0" timestamp="2024-09-23T15:37:10 IST">
  <testcase classname="org.testng.Hello" name="payment" time="0.019"/>
  <testcase classname="org.testng.Hello" name="login" time="3.938"/>
  <testcase classname="org.testng.Hello" name="login" time="3.061"/>
  <testcase classname="org.testng.Hello" name="login" time="3.516"/>
  <testcase classname="org.testng.Hello" name="hotelSelect" time="0.004"/>
  <testcase classname="org.testng.Sample" name="m2" time="0.004"/>
  <testcase classname="org.testng.Sample" name="m1" time="0.0">
    <ignored/>
  </testcase> <!-- m1 -->
</testsuite> <!-- Test -->
