<?xml version="1.0" encoding="UTF-8"?>
<!-- Generated by org.testng.reporters.JUnitXMLReporter -->
<testsuite ignored="4" hostname="DESKTOP-F5P92LD" failures="0" tests="0" time="0.001" errors="0" timestamp="2024-09-26T09:35:25 IST">
  <testcase classname="org.testng.All_Sample_Codes" name="bookingConfirmation" time="0.0">
    <ignored/>
  </testcase> <!-- bookingConfirmation -->
  <testcase classname="org.testng.All_Sample_Codes" name="bookTicket" time="0.0">
    <ignored/>
  </testcase> <!-- bookTicket -->
  <testcase classname="org.testng.All_Sample_Codes" name="logIn" time="0.0">
    <ignored/>
  </testcase> <!-- logIn -->
  <testcase classname="org.testng.All_Sample_Codes" name="payment" time="0.0">
    <ignored/>
  </testcase> <!-- payment -->
</testsuite>
