<?xml version="1.0" encoding="UTF-8"?>
<!-- Generated by org.testng.reporters.JUnitXMLReporter -->
<testsuite ignored="4" hostname="DESKTOP-F5P92LD" failures="0" tests="2" name="Test1" time="3.203" errors="0" timestamp="2024-09-26T09:35:25 IST">
  <testcase classname="org.testng.Hello" name="login" time="3.165"/>
  <testcase classname="org.testng.Hello" name="searchTicket" time="0.002"/>
  <testcase classname="org.testng.Hello" name="payment" time="0.0">
    <ignored/>
  </testcase> <!-- payment -->
  <testcase classname="org.testng.Hello" name="address" time="0.0">
    <ignored/>
  </testcase> <!-- address -->
  <testcase classname="org.testng.Hello" name="bookTicket" time="0.0">
    <ignored/>
  </testcase> <!-- bookTicket -->
  <testcase classname="org.testng.Hello" name="selectTicket" time="0.0">
    <ignored/>
  </testcase> <!-- selectTicket -->
</testsuite> <!-- Test1 -->
