<?xml version="1.0" encoding="UTF-8"?>
<testng-results ignored="0" total="2" passed="2" failed="0" skipped="0">
  <reporter-output>
  </reporter-output>
  <suite started-at="2024-09-26T09:35:22 IST" name="Suite" finished-at="2024-09-26T09:35:25 IST" duration-ms="3242">
    <groups>
      <group name="smoke">
        <method signature="Hello.login(java.lang.String,java.lang.String)[pri:0, instance:org.testng.Hello@31190526]" name="login" class="org.testng.Hello"/>
        <method signature="Hello.searchTicket()[pri:0, instance:org.testng.Hello@31190526]" name="searchTicket" class="org.testng.Hello"/>
      </group> <!-- smoke -->
    </groups>
    <test started-at="2024-09-26T09:35:22 IST" name="Test1" finished-at="2024-09-26T09:35:25 IST" duration-ms="3203">
      <class name="org.testng.Hello">
        <test-method signature="login(java.lang.String,java.lang.String)[pri:0, instance:org.testng.Hello@31190526]" started-at="2024-09-26T09:35:22 IST" name="login" finished-at="2024-09-26T09:35:25 IST" duration-ms="3165" status="PASS">
          <params>
            <param index="0">
              <value>
                <![CDATA[ajithprakasam@gmail.com]]>
              </value>
            </param>
            <param index="1">
              <value>
                <![CDATA[Prakasam@77]]>
              </value>
            </param>
          </params>
          <reporter-output>
          </reporter-output>
        </test-method> <!-- login -->
        <test-method signature="searchTicket()[pri:0, instance:org.testng.Hello@31190526]" started-at="2024-09-26T09:35:25 IST" name="searchTicket" finished-at="2024-09-26T09:35:25 IST" duration-ms="2" status="PASS">
          <reporter-output>
          </reporter-output>
        </test-method> <!-- searchTicket -->
      </class> <!-- org.testng.Hello -->
    </test> <!-- Test1 -->
    <test started-at="2024-09-26T09:35:25 IST" name="Test2" finished-at="2024-09-26T09:35:25 IST" duration-ms="1">
    </test> <!-- Test2 -->
  </suite> <!-- Suite -->
</testng-results>
