<?xml version="1.0" encoding="UTF-8"?>
<testng-results ignored="0" total="7" passed="7" failed="0" skipped="0">
  <reporter-output>
  </reporter-output>
  <suite started-at="2024-09-23T18:48:18 IST" name="Default suite" finished-at="2024-09-23T18:48:54 IST" duration-ms="36007">
    <groups>
    </groups>
    <test started-at="2024-09-23T18:48:18 IST" name="Default test" finished-at="2024-09-23T18:48:54 IST" duration-ms="36007">
      <class name="org.testng.OrderIdPrint">
        <test-method is-config="true" signature="launch()[pri:0, instance:org.testng.OrderIdPrint@7770f470]" started-at="2024-09-23T18:48:18 IST" name="launch" finished-at="2024-09-23T18:48:21 IST" duration-ms="3006" status="PASS">
          <reporter-output>
          </reporter-output>
        </test-method> <!-- launch -->
        <test-method signature="login()[pri:-1, instance:org.testng.OrderIdPrint@7770f470]" started-at="2024-09-23T18:48:21 IST" name="login" finished-at="2024-09-23T18:48:21 IST" duration-ms="580" status="PASS">
          <reporter-output>
          </reporter-output>
        </test-method> <!-- login -->
        <test-method signature="cartCheck()[pri:1, instance:org.testng.OrderIdPrint@7770f470]" started-at="2024-09-23T18:48:21 IST" name="cartCheck" finished-at="2024-09-23T18:48:31 IST" duration-ms="9824" status="PASS">
          <reporter-output>
          </reporter-output>
        </test-method> <!-- cartCheck -->
        <test-method signature="addProduct()[pri:2, instance:org.testng.OrderIdPrint@7770f470]" started-at="2024-09-23T18:48:31 IST" name="addProduct" finished-at="2024-09-23T18:48:36 IST" duration-ms="5224" status="PASS">
          <reporter-output>
          </reporter-output>
        </test-method> <!-- addProduct -->
        <test-method signature="addAddress()[pri:3, instance:org.testng.OrderIdPrint@7770f470]" started-at="2024-09-23T18:48:36 IST" name="addAddress" finished-at="2024-09-23T18:48:40 IST" duration-ms="3936" status="PASS">
          <reporter-output>
          </reporter-output>
        </test-method> <!-- addAddress -->
        <test-method signature="payment()[pri:4, instance:org.testng.OrderIdPrint@7770f470]" started-at="2024-09-23T18:48:40 IST" name="payment" finished-at="2024-09-23T18:48:44 IST" duration-ms="3498" status="PASS">
          <reporter-output>
          </reporter-output>
        </test-method> <!-- payment -->
        <test-method signature="newLogin()[pri:5, instance:org.testng.OrderIdPrint@7770f470]" started-at="2024-09-23T18:48:44 IST" name="newLogin" finished-at="2024-09-23T18:48:47 IST" duration-ms="3578" status="PASS">
          <reporter-output>
          </reporter-output>
        </test-method> <!-- newLogin -->
        <test-method signature="myAccount()[pri:6, instance:org.testng.OrderIdPrint@7770f470]" started-at="2024-09-23T18:48:47 IST" name="myAccount" finished-at="2024-09-23T18:48:54 IST" duration-ms="6302" status="PASS">
          <reporter-output>
          </reporter-output>
        </test-method> <!-- myAccount -->
        <test-method is-config="true" signature="close()[pri:0, instance:org.testng.OrderIdPrint@7770f470]" started-at="2024-09-23T18:48:54 IST" name="close" finished-at="2024-09-23T18:48:54 IST" duration-ms="1" status="PASS">
          <reporter-output>
          </reporter-output>
        </test-method> <!-- close -->
      </class> <!-- org.testng.OrderIdPrint -->
    </test> <!-- Default test -->
  </suite> <!-- Default suite -->
</testng-results>
